<?xml version="1.0" encoding="UTF-8"?>
<robot generator="Robot 3.1.2 (Python 3.7.3 on darwin)" generated="20190604 22:18:10.287" rpa="false">
<suite id="s1" name="Check Acl" source="/Users/jabelk/PycharmProjects/clus-2019-nso/check_acl.robot">
<test id="s1-t1" name="Check Sync NSO against a Live Device: Initial check">
<kw name="Cdb Synced With Device">
<arguments>
<arg>${nso_devicename}</arg>
</arguments>
<assign>
<var>${return}=</var>
</assign>
<msg timestamp="20190604 22:18:10.355" level="FAIL">No keyword with name 'Cdb Synced With Device' found.</msg>
<status status="FAIL" starttime="20190604 22:18:10.354" endtime="20190604 22:18:10.355"></status>
</kw>
<status status="FAIL" starttime="20190604 22:18:10.352" endtime="20190604 22:18:10.355" critical="yes">No keyword with name 'Cdb Synced With Device' found.</status>
</test>
<test id="s1-t2" name="Verify IOS Version is Correct">
<kw name="Send Cli Cmd">
<arguments>
<arg>${nso_devicename}</arg>
<arg>${command}</arg>
</arguments>
<assign>
<var>${return}=</var>
</assign>
<msg timestamp="20190604 22:18:10.357" level="FAIL">No keyword with name 'Send Cli Cmd' found.</msg>
<status status="FAIL" starttime="20190604 22:18:10.357" endtime="20190604 22:18:10.357"></status>
</kw>
<status status="FAIL" starttime="20190604 22:18:10.355" endtime="20190604 22:18:10.357" critical="yes">No keyword with name 'Send Cli Cmd' found.</status>
</test>
<test id="s1-t3" name="Verify IP is in ACL">
<kw name="Find Ip Access List" library="nso_lib">
<doc>Single search to see if a provided IP address
is present inside any of a devices extended ACLs.</doc>
<arguments>
<arg>${acl_ip_to_find}</arg>
</arguments>
<assign>
<var>@{return}</var>
</assign>
<msg timestamp="20190604 22:18:13.087" level="INFO">checking Standard Access Lists for csr1
checking ip access-list standard ise-acl
checking ip access-list standard servicenow-acl
checking Extended Access Lists for csr1
checking ip access-list extended vpn-customer-1-amer-location
91.118.192.128 Is in acl vpn-customer-1-amer-location
91.118.192.128 Is in acl vpn-customer-1-amer-location
91.118.192.128 Is in acl vpn-customer-1-amer-location
91.118.192.128 Is in acl vpn-customer-1-amer-location
checking ip access-list extended vpn-customer-2-amer-location
91.118.192.128 Is in acl vpn-customer-2-amer-location
91.118.192.128 Is in acl vpn-customer-2-amer-location
91.118.192.128 Is in acl vpn-customer-2-amer-location
91.118.192.128 Is in acl vpn-customer-2-amer-location
checking ip access-list extended vpn-customer-3-us
91.118.192.128 Is in acl vpn-customer-3-us
91.118.192.128 Is in acl vpn-customer-3-us
checking Standard Access Lists for csr2
checking ip access-list standard ise-acl
checking ip access-list standard servicenow-acl
checking Extended Access Lists for csr2
checking ip access-list extended vpn-customer-1-emea-location
checking ip access-list extended vpn-customer-2-emear-location
checking Standard Access Lists for csr3
checking ip access-list standard ise-acl
checking ip access-list standard servicenow-acl
checking Extended Access Lists for csr3
checking ip access-list extended vpn-customer-1-latam-location
checking ip access-list extended vpn-customer-2-latam-location
checking Standard Access Lists for nxos-spine1
checking Extended Access Lists for nxos-spine1
checking Standard Access Lists for nxos-spine2
checking Extended Access Lists for nxos-spine2</msg>
<msg timestamp="20190604 22:18:13.087" level="INFO">@{return} = [ ]</msg>
<status status="PASS" starttime="20190604 22:18:10.358" endtime="20190604 22:18:13.087"></status>
</kw>
<kw name="Log List" library="Collections">
<doc>Logs the length and contents of the ``list`` using given ``level``.</doc>
<arguments>
<arg>${return}</arg>
</arguments>
<msg timestamp="20190604 22:18:13.088" level="INFO">List is empty.</msg>
<status status="PASS" starttime="20190604 22:18:13.087" endtime="20190604 22:18:13.088"></status>
</kw>
<kw name="${acl_iter} IN [ @{return} ]" type="for">
<status status="PASS" starttime="20190604 22:18:13.088" endtime="20190604 22:18:13.088"></status>
</kw>
<status status="PASS" starttime="20190604 22:18:10.357" endtime="20190604 22:18:13.088" critical="yes"></status>
</test>
<status status="FAIL" starttime="20190604 22:18:10.289" endtime="20190604 22:18:13.089"></status>
</suite>
<statistics>
<total>
<stat pass="1" fail="2">Critical Tests</stat>
<stat pass="1" fail="2">All Tests</stat>
</total>
<tag>
</tag>
<suite>
<stat pass="1" fail="2" id="s1" name="Check Acl">Check Acl</stat>
</suite>
</statistics>
<errors>
</errors>
</robot>
